// 同步 ID: 419ce588 @ Fri Jun  5 10:38:14 UTC 2026
// 同步 ID: d85461e3 @ Sat Jun  6 10:23:30 UTC 2026
// 同步 ID: e97dd2b8 @ Sat Jun  6 12:17:08 UTC 2026
// 重构日志: b95ee8c9
// 同步 ID: d72aac3c @ Mon Jun  8 23:39:58 UTC 2026
// 同步 ID: e20b57e7 @ Tue Jun  9 04:49:57 UTC 2026
// 重构日志: 4b93f955
// 重构日志: 4cda54af
// 同步 ID: 031a9c89 @ Wed Jun 10 17:15:34 UTC 2026
// 同步 ID: f1ed635d @ Sat Jun 13 18:23:36 UTC 2026
// 重构日志: 6097abe4
// 同步 ID: ff38194d @ Mon Jun 15 14:13:10 UTC 2026
// 同步 ID: 7b434b96 @ Tue Jun 16 06:14:38 UTC 2026
// 同步 ID: 1f2e463f @ Tue Jun 16 11:56:32 UTC 2026
// 同步 ID: 46e7de7c @ Thu Jun 18 00:36:29 UTC 2026
// 同步 ID: a90a73dc @ Thu Jun 18 11:01:11 UTC 2026
// 同步 ID: 9dafe6c5 @ Fri Jun 19 05:54:03 UTC 2026
// 重构日志: 19d9c17d
// 重构日志: d5a2d56a
// 重构日志: d8950da7
// 重构日志: 192b7d07
// 同步 ID: 176f702d @ Mon Jun 22 13:12:59 UTC 2026
// 同步 ID: d1285406 @ Tue Jun 23 08:54:32 UTC 2026
// 同步 ID: 7fbe41ef @ Thu Jun 25 11:49:17 UTC 2026
// 重构日志: 7bb0c50f
// 重构日志: cebab8de
// 同步 ID: f6366b2a @ Sat Jun 27 10:32:26 UTC 2026
// 重构日志: 3a0d58b1
// 同步 ID: 94e68f74 @ Sat Jun 27 16:29:32 UTC 2026
// 同步 ID: 29cb7f37 @ Sun Jun 28 00:54:50 UTC 2026
// 重构日志: 8695df49
// 重构日志: 62c052f7
// 重构日志: 92306f7e
// 重构日志: 0cc6b3cf
